This is pdfTeX, Version 3.14159265-2.6-1.40.17 (MiKTeX 2.9.6100 64-bit) (preloaded format=pdflatex 2017.1.4)  6 JAN 2017 16:23
entering extended mode
**./bare_conf_compsoc.tex
(bare_conf_compsoc.tex
LaTeX2e <2016/03/31> patch level 3
Babel <3.9r> and hyphenation patterns for 75 language(s) loaded.
(IEEEtran.cls
Document Class: IEEEtran 2015/08/26 V1.8b by Michael Shell
-- See the "IEEEtran_HOWTO" manual for usage information.
-- http://www.michaelshell.org/tex/ieeetran/
\@IEEEtrantmpdimenA=\dimen102
\@IEEEtrantmpdimenB=\dimen103
\@IEEEtrantmpdimenC=\dimen104
\@IEEEtrantmpcountA=\count79
\@IEEEtrantmpcountB=\count80
\@IEEEtrantmpcountC=\count81
\@IEEEtrantmptoksA=\toks14
LaTeX Font Info:    Try loading font information for OT1+ptm on input line 503.

("C:\Program Files\MiKTeX 2.9\tex\latex\psnfss\ot1ptm.fd"
File: ot1ptm.fd 2001/06/04 font definitions for OT1/ptm.
)
-- Using IEEE Computer Society mode.
-- Using 8.5in x 11in (letter) paper.
-- Using PDF output.
\@IEEEnormalsizeunitybaselineskip=\dimen105
-- This is a 10 point document.
\CLASSINFOnormalsizebaselineskip=\dimen106
\CLASSINFOnormalsizeunitybaselineskip=\dimen107
\IEEEnormaljot=\dimen108
LaTeX Font Info:    Font shape `OT1/ptm/bx/n' in size <5.01874> not available
(Font)              Font shape `OT1/ptm/b/n' tried instead on input line 1090.
LaTeX Font Info:    Font shape `OT1/ptm/bx/it' in size <5.01874> not available
(Font)              Font shape `OT1/ptm/b/it' tried instead on input line 1090.

LaTeX Font Info:    Font shape `OT1/ptm/bx/n' in size <7.02625> not available
(Font)              Font shape `OT1/ptm/b/n' tried instead on input line 1090.
LaTeX Font Info:    Font shape `OT1/ptm/bx/it' in size <7.02625> not available
(Font)              Font shape `OT1/ptm/b/it' tried instead on input line 1090.

LaTeX Font Info:    Font shape `OT1/ptm/bx/n' in size <8.03> not available
(Font)              Font shape `OT1/ptm/b/n' tried instead on input line 1090.
LaTeX Font Info:    Font shape `OT1/ptm/bx/it' in size <8.03> not available
(Font)              Font shape `OT1/ptm/b/it' tried instead on input line 1090.

LaTeX Font Info:    Font shape `OT1/ptm/bx/n' in size <9.03374> not available
(Font)              Font shape `OT1/ptm/b/n' tried instead on input line 1090.
LaTeX Font Info:    Font shape `OT1/ptm/bx/it' in size <9.03374> not available
(Font)              Font shape `OT1/ptm/b/it' tried instead on input line 1090.

LaTeX Font Info:    Font shape `OT1/ptm/bx/n' in size <10.03749> not available
(Font)              Font shape `OT1/ptm/b/n' tried instead on input line 1090.
LaTeX Font Info:    Font shape `OT1/ptm/bx/it' in size <10.03749> not available

(Font)              Font shape `OT1/ptm/b/it' tried instead on input line 1090.

LaTeX Font Info:    Font shape `OT1/ptm/bx/n' in size <11.04124> not available
(Font)              Font shape `OT1/ptm/b/n' tried instead on input line 1090.
LaTeX Font Info:    Font shape `OT1/ptm/bx/it' in size <11.04124> not available

(Font)              Font shape `OT1/ptm/b/it' tried instead on input line 1090.

LaTeX Font Info:    Font shape `OT1/ptm/bx/n' in size <12.045> not available
(Font)              Font shape `OT1/ptm/b/n' tried instead on input line 1090.
LaTeX Font Info:    Font shape `OT1/ptm/bx/it' in size <12.045> not available
(Font)              Font shape `OT1/ptm/b/it' tried instead on input line 1090.

LaTeX Font Info:    Font shape `OT1/ptm/bx/n' in size <17.06374> not available
(Font)              Font shape `OT1/ptm/b/n' tried instead on input line 1090.
LaTeX Font Info:    Font shape `OT1/ptm/bx/it' in size <17.06374> not available

(Font)              Font shape `OT1/ptm/b/it' tried instead on input line 1090.

LaTeX Font Info:    Font shape `OT1/ptm/bx/n' in size <20.075> not available
(Font)              Font shape `OT1/ptm/b/n' tried instead on input line 1090.
LaTeX Font Info:    Font shape `OT1/ptm/bx/it' in size <20.075> not available
(Font)              Font shape `OT1/ptm/b/it' tried instead on input line 1090.

LaTeX Font Info:    Font shape `OT1/ptm/bx/n' in size <24.09> not available
(Font)              Font shape `OT1/ptm/b/n' tried instead on input line 1090.
LaTeX Font Info:    Font shape `OT1/ptm/bx/it' in size <24.09> not available
(Font)              Font shape `OT1/ptm/b/it' tried instead on input line 1090.

\IEEEquantizedlength=\dimen109
\IEEEquantizedlengthdiff=\dimen110
\IEEEquantizedtextheightdiff=\dimen111
\IEEEilabelindentA=\dimen112
\IEEEilabelindentB=\dimen113
\IEEEilabelindent=\dimen114
\IEEEelabelindent=\dimen115
\IEEEdlabelindent=\dimen116
\IEEElabelindent=\dimen117
\IEEEiednormlabelsep=\dimen118
\IEEEiedmathlabelsep=\dimen119
\IEEEiedtopsep=\skip41
\c@section=\count82
\c@subsection=\count83
\c@subsubsection=\count84
\c@paragraph=\count85
\c@IEEEsubequation=\count86
\abovecaptionskip=\skip42
\belowcaptionskip=\skip43
\c@figure=\count87
\c@table=\count88
\@IEEEeqnnumcols=\count89
\@IEEEeqncolcnt=\count90
\@IEEEsubeqnnumrollback=\count91
\@IEEEquantizeheightA=\dimen120
\@IEEEquantizeheightB=\dimen121
\@IEEEquantizeheightC=\dimen122
\@IEEEquantizeprevdepth=\dimen123
\@IEEEquantizemultiple=\count92
\@IEEEquantizeboxA=\box26
\@IEEEtmpitemindent=\dimen124
\IEEEPARstartletwidth=\dimen125
\c@IEEEbiography=\count93
\@IEEEtranrubishbin=\box27
) ("C:\Program Files\MiKTeX 2.9\tex\latex\cite\cite.sty"
LaTeX Info: Redefining \cite on input line 302.
LaTeX Info: Redefining \nocite on input line 332.
Package: cite 2015/02/27  v 5.5
)
No file bare_conf_compsoc.aux.
\openout1 = `bare_conf_compsoc.aux'.

LaTeX Font Info:    Checking defaults for OML/cmm/m/it on input line 329.
LaTeX Font Info:    ... okay on input line 329.
LaTeX Font Info:    Checking defaults for T1/cmr/m/n on input line 329.
LaTeX Font Info:    ... okay on input line 329.
LaTeX Font Info:    Checking defaults for OT1/cmr/m/n on input line 329.
LaTeX Font Info:    ... okay on input line 329.
LaTeX Font Info:    Checking defaults for OMS/cmsy/m/n on input line 329.
LaTeX Font Info:    ... okay on input line 329.
LaTeX Font Info:    Checking defaults for OMX/cmex/m/n on input line 329.
LaTeX Font Info:    ... okay on input line 329.
LaTeX Font Info:    Checking defaults for U/cmr/m/n on input line 329.
LaTeX Font Info:    ... okay on input line 329.
-- Lines per column: 58 (exact).
LaTeX Font Info:    Try loading font information for OT1+phv on input line 394.

("C:\Program Files\MiKTeX 2.9\tex\latex\psnfss\ot1phv.fd"
File: ot1phv.fd 2001/06/04 scalable font definitions for OT1/phv.
)
LaTeX Font Info:    Font shape `OT1/ptm/bx/n' in size <14.05249> not available
(Font)              Font shape `OT1/ptm/b/n' tried instead on input line 394.
LaTeX Font Info:    Calculating math sizes for size <10.03749> on input line 42
2.
LaTeX Font Info:    External font `cmex10' loaded for size
(Font)              <10.03749> on input line 422.
LaTeX Font Info:    External font `cmex10' loaded for size
(Font)              <7.0262> on input line 422.
LaTeX Font Info:    External font `cmex10' loaded for size
(Font)              <5.01874> on input line 422.
LaTeX Font Info:    Calculating math sizes for size <8.03> on input line 588.
LaTeX Font Info:    External font `cmex10' loaded for size
(Font)              <8.03> on input line 588.
LaTeX Font Info:    External font `cmex10' loaded for size
(Font)              <5.62097> on input line 588.
LaTeX Font Info:    External font `cmex10' loaded for size
(Font)              <4.015> on input line 588.


** Conference Paper **
Before submitting the final camera ready copy, remember to:

 1. Manually equalize the lengths of two columns on the last page
 of your paper;

 2. Ensure that any PostScript and/or PDF output post-processing
 uses only Type 1 fonts and that every step in the generation
 process uses the appropriate paper size.

[1{C:/ProgramData/MiKTeX/2.9/pdftex/config/pdftex.map}



] (bare_conf_compsoc.aux)

LaTeX Warning: Label(s) may have changed. Rerun to get cross-references right.

 ) 
Here is how much of TeX's memory you used:
 1230 strings out of 493333
 21907 string characters out of 3139195
 77068 words of memory out of 3000000
 4814 multiletter control sequences out of 15000+200000
 43571 words of font info for 78 fonts, out of 3000000 for 9000
 1144 hyphenation exceptions out of 8191
 26i,7n,19p,215b,245s stack positions out of 5000i,500n,10000p,200000b,50000s
{C:/Program Files/MiKTeX 2.9/fonts/enc/dvips/base/8r.enc}<C:/Program Files/Mi
KTeX 2.9/fonts/type1/urw/times/utmb8a.pfb><C:/Program Files/MiKTeX 2.9/fonts/ty
pe1/urw/times/utmbi8a.pfb><C:/Program Files/MiKTeX 2.9/fonts/type1/urw/times/ut
mr8a.pfb><C:/Program Files/MiKTeX 2.9/fonts/type1/urw/times/utmri8a.pfb>
Output written on bare_conf_compsoc.pdf (1 page, 54508 bytes).
PDF statistics:
 23 PDF objects out of 1000 (max. 8388607)
 0 named destinations out of 1000 (max. 500000)
 1 words of extra memory for PDF output out of 10000 (max. 10000000)

